<?xml version="1.0" encoding="UTF-8"?>
<testsuite xmlns:xsi="http://www.w3.org/2001/XMLSchema-instance" xsi:noNamespaceSchemaLocation="https://maven.apache.org/surefire/maven-surefire-plugin/xsd/surefire-test-report.xsd" version="3.0.2" name="TestSuite" time="116.981" tests="8" errors="0" skipped="0" failures="0">
  <properties>
    <property name="java.specification.version" value="17"/>
    <property name="sun.cpu.isalist" value="amd64"/>
    <property name="sun.jnu.encoding" value="Cp1252"/>
    <property name="sun.awt.enableExtraMouseButtons" value="true"/>
    <property name="java.class.path" value="C:\Eclipse\raulshettyframeworks\OpenCartFramework\target\test-classes;C:\Eclipse\raulshettyframeworks\OpenCartFramework\target\classes;C:\Users\SankaraKarthikeyan K\.m2\repository\org\seleniumhq\selenium\selenium-java\4.27.0\selenium-java-4.27.0.jar;C:\Users\SankaraKarthikeyan K\.m2\repository\org\seleniumhq\selenium\selenium-api\4.27.0\selenium-api-4.27.0.jar;C:\Users\SankaraKarthikeyan K\.m2\repository\org\jspecify\jspecify\1.0.0\jspecify-1.0.0.jar;C:\Users\SankaraKarthikeyan K\.m2\repository\org\seleniumhq\selenium\selenium-chrome-driver\4.27.0\selenium-chrome-driver-4.27.0.jar;C:\Users\SankaraKarthikeyan K\.m2\repository\com\google\auto\service\auto-service-annotations\1.1.1\auto-service-annotations-1.1.1.jar;C:\Users\SankaraKarthikeyan K\.m2\repository\org\seleniumhq\selenium\selenium-chromium-driver\4.27.0\selenium-chromium-driver-4.27.0.jar;C:\Users\SankaraKarthikeyan K\.m2\repository\org\seleniumhq\selenium\selenium-json\4.27.0\selenium-json-4.27.0.jar;C:\Users\SankaraKarthikeyan K\.m2\repository\org\seleniumhq\selenium\selenium-manager\4.27.0\selenium-manager-4.27.0.jar;C:\Users\SankaraKarthikeyan K\.m2\repository\org\seleniumhq\selenium\selenium-devtools-v129\4.27.0\selenium-devtools-v129-4.27.0.jar;C:\Users\SankaraKarthikeyan K\.m2\repository\org\seleniumhq\selenium\selenium-devtools-v130\4.27.0\selenium-devtools-v130-4.27.0.jar;C:\Users\SankaraKarthikeyan K\.m2\repository\org\seleniumhq\selenium\selenium-devtools-v131\4.27.0\selenium-devtools-v131-4.27.0.jar;C:\Users\SankaraKarthikeyan K\.m2\repository\org\seleniumhq\selenium\selenium-devtools-v85\4.27.0\selenium-devtools-v85-4.27.0.jar;C:\Users\SankaraKarthikeyan K\.m2\repository\org\seleniumhq\selenium\selenium-edge-driver\4.27.0\selenium-edge-driver-4.27.0.jar;C:\Users\SankaraKarthikeyan K\.m2\repository\org\seleniumhq\selenium\selenium-firefox-driver\4.27.0\selenium-firefox-driver-4.27.0.jar;C:\Users\SankaraKarthikeyan K\.m2\repository\org\seleniumhq\selenium\selenium-http\4.27.0\selenium-http-4.27.0.jar;C:\Users\SankaraKarthikeyan K\.m2\repository\dev\failsafe\failsafe\3.3.2\failsafe-3.3.2.jar;C:\Users\SankaraKarthikeyan K\.m2\repository\org\seleniumhq\selenium\selenium-ie-driver\4.27.0\selenium-ie-driver-4.27.0.jar;C:\Users\SankaraKarthikeyan K\.m2\repository\org\seleniumhq\selenium\selenium-remote-driver\4.27.0\selenium-remote-driver-4.27.0.jar;C:\Users\SankaraKarthikeyan K\.m2\repository\com\google\guava\guava\33.3.1-jre\guava-33.3.1-jre.jar;C:\Users\SankaraKarthikeyan K\.m2\repository\com\google\guava\failureaccess\1.0.2\failureaccess-1.0.2.jar;C:\Users\SankaraKarthikeyan K\.m2\repository\com\google\guava\listenablefuture\9999.0-empty-to-avoid-conflict-with-guava\listenablefuture-9999.0-empty-to-avoid-conflict-with-guava.jar;C:\Users\SankaraKarthikeyan K\.m2\repository\org\checkerframework\checker-qual\3.43.0\checker-qual-3.43.0.jar;C:\Users\SankaraKarthikeyan K\.m2\repository\com\google\errorprone\error_prone_annotations\2.28.0\error_prone_annotations-2.28.0.jar;C:\Users\SankaraKarthikeyan K\.m2\repository\com\google\j2objc\j2objc-annotations\3.0.0\j2objc-annotations-3.0.0.jar;C:\Users\SankaraKarthikeyan K\.m2\repository\io\opentelemetry\semconv\opentelemetry-semconv\1.25.0-alpha\opentelemetry-semconv-1.25.0-alpha.jar;C:\Users\SankaraKarthikeyan K\.m2\repository\io\opentelemetry\opentelemetry-api\1.44.1\opentelemetry-api-1.44.1.jar;C:\Users\SankaraKarthikeyan K\.m2\repository\io\opentelemetry\opentelemetry-context\1.44.1\opentelemetry-context-1.44.1.jar;C:\Users\SankaraKarthikeyan K\.m2\repository\io\opentelemetry\opentelemetry-exporter-logging\1.44.1\opentelemetry-exporter-logging-1.44.1.jar;C:\Users\SankaraKarthikeyan K\.m2\repository\io\opentelemetry\opentelemetry-sdk-common\1.44.1\opentelemetry-sdk-common-1.44.1.jar;C:\Users\SankaraKarthikeyan K\.m2\repository\io\opentelemetry\opentelemetry-sdk-extension-autoconfigure-spi\1.44.1\opentelemetry-sdk-extension-autoconfigure-spi-1.44.1.jar;C:\Users\SankaraKarthikeyan K\.m2\repository\io\opentelemetry\opentelemetry-sdk-extension-autoconfigure\1.44.1\opentelemetry-sdk-extension-autoconfigure-1.44.1.jar;C:\Users\SankaraKarthikeyan K\.m2\repository\io\opentelemetry\opentelemetry-api-incubator\1.44.1-alpha\opentelemetry-api-incubator-1.44.1-alpha.jar;C:\Users\SankaraKarthikeyan K\.m2\repository\io\opentelemetry\opentelemetry-sdk-trace\1.44.1\opentelemetry-sdk-trace-1.44.1.jar;C:\Users\SankaraKarthikeyan K\.m2\repository\io\opentelemetry\opentelemetry-sdk\1.44.1\opentelemetry-sdk-1.44.1.jar;C:\Users\SankaraKarthikeyan K\.m2\repository\io\opentelemetry\opentelemetry-sdk-metrics\1.44.1\opentelemetry-sdk-metrics-1.44.1.jar;C:\Users\SankaraKarthikeyan K\.m2\repository\io\opentelemetry\opentelemetry-sdk-logs\1.44.1\opentelemetry-sdk-logs-1.44.1.jar;C:\Users\SankaraKarthikeyan K\.m2\repository\net\bytebuddy\byte-buddy\1.15.10\byte-buddy-1.15.10.jar;C:\Users\SankaraKarthikeyan K\.m2\repository\org\seleniumhq\selenium\selenium-os\4.27.0\selenium-os-4.27.0.jar;C:\Users\SankaraKarthikeyan K\.m2\repository\org\apache\commons\commons-exec\1.4.0\commons-exec-1.4.0.jar;C:\Users\SankaraKarthikeyan K\.m2\repository\org\seleniumhq\selenium\selenium-safari-driver\4.27.0\selenium-safari-driver-4.27.0.jar;C:\Users\SankaraKarthikeyan K\.m2\repository\org\seleniumhq\selenium\selenium-support\4.27.0\selenium-support-4.27.0.jar;C:\Users\SankaraKarthikeyan K\.m2\repository\commons-io\commons-io\2.18.0\commons-io-2.18.0.jar;C:\Users\SankaraKarthikeyan K\.m2\repository\org\apache\commons\commons-lang3\3.12.0\commons-lang3-3.12.0.jar;C:\Users\SankaraKarthikeyan K\.m2\repository\org\apache\poi\poi\5.3.0\poi-5.3.0.jar;C:\Users\SankaraKarthikeyan K\.m2\repository\commons-codec\commons-codec\1.17.0\commons-codec-1.17.0.jar;C:\Users\SankaraKarthikeyan K\.m2\repository\org\apache\commons\commons-collections4\4.4\commons-collections4-4.4.jar;C:\Users\SankaraKarthikeyan K\.m2\repository\org\apache\commons\commons-math3\3.6.1\commons-math3-3.6.1.jar;C:\Users\SankaraKarthikeyan K\.m2\repository\com\zaxxer\SparseBitSet\1.3\SparseBitSet-1.3.jar;C:\Users\SankaraKarthikeyan K\.m2\repository\org\apache\poi\poi-ooxml\5.3.0\poi-ooxml-5.3.0.jar;C:\Users\SankaraKarthikeyan K\.m2\repository\org\apache\poi\poi-ooxml-lite\5.3.0\poi-ooxml-lite-5.3.0.jar;C:\Users\SankaraKarthikeyan K\.m2\repository\org\apache\xmlbeans\xmlbeans\5.2.1\xmlbeans-5.2.1.jar;C:\Users\SankaraKarthikeyan K\.m2\repository\org\apache\commons\commons-compress\1.26.2\commons-compress-1.26.2.jar;C:\Users\SankaraKarthikeyan K\.m2\repository\com\github\virtuald\curvesapi\1.08\curvesapi-1.08.jar;C:\Users\SankaraKarthikeyan K\.m2\repository\org\apache\logging\log4j\log4j-core\2.24.3\log4j-core-2.24.3.jar;C:\Users\SankaraKarthikeyan K\.m2\repository\org\apache\logging\log4j\log4j-api\2.24.3\log4j-api-2.24.3.jar;C:\Users\SankaraKarthikeyan K\.m2\repository\com\aventstack\extentreports\5.1.2\extentreports-5.1.2.jar;C:\Users\SankaraKarthikeyan K\.m2\repository\io\reactivex\rxjava3\rxjava\3.1.6\rxjava-3.1.6.jar;C:\Users\SankaraKarthikeyan K\.m2\repository\org\reactivestreams\reactive-streams\1.0.4\reactive-streams-1.0.4.jar;C:\Users\SankaraKarthikeyan K\.m2\repository\org\freemarker\freemarker\2.3.32\freemarker-2.3.32.jar;C:\Users\SankaraKarthikeyan K\.m2\repository\org\projectlombok\lombok\1.18.26\lombok-1.18.26.jar;C:\Users\SankaraKarthikeyan K\.m2\repository\com\google\code\gson\gson\2.10.1\gson-2.10.1.jar;C:\Users\SankaraKarthikeyan K\.m2\repository\org\apache\logging\log4j\log4j-slf4j-impl\2.24.3\log4j-slf4j-impl-2.24.3.jar;C:\Users\SankaraKarthikeyan K\.m2\repository\org\slf4j\slf4j-api\1.7.36\slf4j-api-1.7.36.jar;C:\Users\SankaraKarthikeyan K\.m2\repository\org\testng\testng\7.5.1\testng-7.5.1.jar;C:\Users\SankaraKarthikeyan K\.m2\repository\com\google\code\findbugs\jsr305\3.0.1\jsr305-3.0.1.jar;C:\Users\SankaraKarthikeyan K\.m2\repository\com\beust\jcommander\1.78\jcommander-1.78.jar;C:\Users\SankaraKarthikeyan K\.m2\repository\org\webjars\jquery\3.5.1\jquery-3.5.1.jar;C:\Users\SankaraKarthikeyan K\.m2\repository\com\github\javafaker\javafaker\1.0.2\javafaker-1.0.2.jar;C:\Users\SankaraKarthikeyan K\.m2\repository\org\yaml\snakeyaml\1.23\snakeyaml-1.23-android.jar;C:\Users\SankaraKarthikeyan K\.m2\repository\com\github\mifmif\generex\1.0.2\generex-1.0.2.jar;C:\Users\SankaraKarthikeyan K\.m2\repository\dk\brics\automaton\automaton\1.11-8\automaton-1.11-8.jar;"/>
    <property name="java.vm.vendor" value="Oracle Corporation"/>
    <property name="sun.arch.data.model" value="64"/>
    <property name="user.variant" value=""/>
    <property name="java.vendor.url" value="https://java.oracle.com/"/>
    <property name="user.timezone" value="Asia/Calcutta"/>
    <property name="os.name" value="Windows 11"/>
    <property name="java.vm.specification.version" value="17"/>
    <property name="sun.java.launcher" value="SUN_STANDARD"/>
    <property name="user.country" value="IN"/>
    <property name="sun.boot.library.path" value="C:\Program Files\Java\jdk-17\bin"/>
    <property name="sun.java.command" value="C:\Users\SankaraKarthikeyan K\AppData\Local\Temp\surefire15633690744001933011\surefirebooter-20250129233624681_3.jar C:\Users\SankaraKarthikeyan K\AppData\Local\Temp\surefire15633690744001933011 2025-01-29T23-36-24_461-jvmRun1 surefire-20250129233624681_1tmp surefire_0-20250129233624681_2tmp"/>
    <property name="jdk.debug" value="release"/>
    <property name="surefire.test.class.path" value="C:\Eclipse\raulshettyframeworks\OpenCartFramework\target\test-classes;C:\Eclipse\raulshettyframeworks\OpenCartFramework\target\classes;C:\Users\SankaraKarthikeyan K\.m2\repository\org\seleniumhq\selenium\selenium-java\4.27.0\selenium-java-4.27.0.jar;C:\Users\SankaraKarthikeyan K\.m2\repository\org\seleniumhq\selenium\selenium-api\4.27.0\selenium-api-4.27.0.jar;C:\Users\SankaraKarthikeyan K\.m2\repository\org\jspecify\jspecify\1.0.0\jspecify-1.0.0.jar;C:\Users\SankaraKarthikeyan K\.m2\repository\org\seleniumhq\selenium\selenium-chrome-driver\4.27.0\selenium-chrome-driver-4.27.0.jar;C:\Users\SankaraKarthikeyan K\.m2\repository\com\google\auto\service\auto-service-annotations\1.1.1\auto-service-annotations-1.1.1.jar;C:\Users\SankaraKarthikeyan K\.m2\repository\org\seleniumhq\selenium\selenium-chromium-driver\4.27.0\selenium-chromium-driver-4.27.0.jar;C:\Users\SankaraKarthikeyan K\.m2\repository\org\seleniumhq\selenium\selenium-json\4.27.0\selenium-json-4.27.0.jar;C:\Users\SankaraKarthikeyan K\.m2\repository\org\seleniumhq\selenium\selenium-manager\4.27.0\selenium-manager-4.27.0.jar;C:\Users\SankaraKarthikeyan K\.m2\repository\org\seleniumhq\selenium\selenium-devtools-v129\4.27.0\selenium-devtools-v129-4.27.0.jar;C:\Users\SankaraKarthikeyan K\.m2\repository\org\seleniumhq\selenium\selenium-devtools-v130\4.27.0\selenium-devtools-v130-4.27.0.jar;C:\Users\SankaraKarthikeyan K\.m2\repository\org\seleniumhq\selenium\selenium-devtools-v131\4.27.0\selenium-devtools-v131-4.27.0.jar;C:\Users\SankaraKarthikeyan K\.m2\repository\org\seleniumhq\selenium\selenium-devtools-v85\4.27.0\selenium-devtools-v85-4.27.0.jar;C:\Users\SankaraKarthikeyan K\.m2\repository\org\seleniumhq\selenium\selenium-edge-driver\4.27.0\selenium-edge-driver-4.27.0.jar;C:\Users\SankaraKarthikeyan K\.m2\repository\org\seleniumhq\selenium\selenium-firefox-driver\4.27.0\selenium-firefox-driver-4.27.0.jar;C:\Users\SankaraKarthikeyan K\.m2\repository\org\seleniumhq\selenium\selenium-http\4.27.0\selenium-http-4.27.0.jar;C:\Users\SankaraKarthikeyan K\.m2\repository\dev\failsafe\failsafe\3.3.2\failsafe-3.3.2.jar;C:\Users\SankaraKarthikeyan K\.m2\repository\org\seleniumhq\selenium\selenium-ie-driver\4.27.0\selenium-ie-driver-4.27.0.jar;C:\Users\SankaraKarthikeyan K\.m2\repository\org\seleniumhq\selenium\selenium-remote-driver\4.27.0\selenium-remote-driver-4.27.0.jar;C:\Users\SankaraKarthikeyan K\.m2\repository\com\google\guava\guava\33.3.1-jre\guava-33.3.1-jre.jar;C:\Users\SankaraKarthikeyan K\.m2\repository\com\google\guava\failureaccess\1.0.2\failureaccess-1.0.2.jar;C:\Users\SankaraKarthikeyan K\.m2\repository\com\google\guava\listenablefuture\9999.0-empty-to-avoid-conflict-with-guava\listenablefuture-9999.0-empty-to-avoid-conflict-with-guava.jar;C:\Users\SankaraKarthikeyan K\.m2\repository\org\checkerframework\checker-qual\3.43.0\checker-qual-3.43.0.jar;C:\Users\SankaraKarthikeyan K\.m2\repository\com\google\errorprone\error_prone_annotations\2.28.0\error_prone_annotations-2.28.0.jar;C:\Users\SankaraKarthikeyan K\.m2\repository\com\google\j2objc\j2objc-annotations\3.0.0\j2objc-annotations-3.0.0.jar;C:\Users\SankaraKarthikeyan K\.m2\repository\io\opentelemetry\semconv\opentelemetry-semconv\1.25.0-alpha\opentelemetry-semconv-1.25.0-alpha.jar;C:\Users\SankaraKarthikeyan K\.m2\repository\io\opentelemetry\opentelemetry-api\1.44.1\opentelemetry-api-1.44.1.jar;C:\Users\SankaraKarthikeyan K\.m2\repository\io\opentelemetry\opentelemetry-context\1.44.1\opentelemetry-context-1.44.1.jar;C:\Users\SankaraKarthikeyan K\.m2\repository\io\opentelemetry\opentelemetry-exporter-logging\1.44.1\opentelemetry-exporter-logging-1.44.1.jar;C:\Users\SankaraKarthikeyan K\.m2\repository\io\opentelemetry\opentelemetry-sdk-common\1.44.1\opentelemetry-sdk-common-1.44.1.jar;C:\Users\SankaraKarthikeyan K\.m2\repository\io\opentelemetry\opentelemetry-sdk-extension-autoconfigure-spi\1.44.1\opentelemetry-sdk-extension-autoconfigure-spi-1.44.1.jar;C:\Users\SankaraKarthikeyan K\.m2\repository\io\opentelemetry\opentelemetry-sdk-extension-autoconfigure\1.44.1\opentelemetry-sdk-extension-autoconfigure-1.44.1.jar;C:\Users\SankaraKarthikeyan K\.m2\repository\io\opentelemetry\opentelemetry-api-incubator\1.44.1-alpha\opentelemetry-api-incubator-1.44.1-alpha.jar;C:\Users\SankaraKarthikeyan K\.m2\repository\io\opentelemetry\opentelemetry-sdk-trace\1.44.1\opentelemetry-sdk-trace-1.44.1.jar;C:\Users\SankaraKarthikeyan K\.m2\repository\io\opentelemetry\opentelemetry-sdk\1.44.1\opentelemetry-sdk-1.44.1.jar;C:\Users\SankaraKarthikeyan K\.m2\repository\io\opentelemetry\opentelemetry-sdk-metrics\1.44.1\opentelemetry-sdk-metrics-1.44.1.jar;C:\Users\SankaraKarthikeyan K\.m2\repository\io\opentelemetry\opentelemetry-sdk-logs\1.44.1\opentelemetry-sdk-logs-1.44.1.jar;C:\Users\SankaraKarthikeyan K\.m2\repository\net\bytebuddy\byte-buddy\1.15.10\byte-buddy-1.15.10.jar;C:\Users\SankaraKarthikeyan K\.m2\repository\org\seleniumhq\selenium\selenium-os\4.27.0\selenium-os-4.27.0.jar;C:\Users\SankaraKarthikeyan K\.m2\repository\org\apache\commons\commons-exec\1.4.0\commons-exec-1.4.0.jar;C:\Users\SankaraKarthikeyan K\.m2\repository\org\seleniumhq\selenium\selenium-safari-driver\4.27.0\selenium-safari-driver-4.27.0.jar;C:\Users\SankaraKarthikeyan K\.m2\repository\org\seleniumhq\selenium\selenium-support\4.27.0\selenium-support-4.27.0.jar;C:\Users\SankaraKarthikeyan K\.m2\repository\commons-io\commons-io\2.18.0\commons-io-2.18.0.jar;C:\Users\SankaraKarthikeyan K\.m2\repository\org\apache\commons\commons-lang3\3.12.0\commons-lang3-3.12.0.jar;C:\Users\SankaraKarthikeyan K\.m2\repository\org\apache\poi\poi\5.3.0\poi-5.3.0.jar;C:\Users\SankaraKarthikeyan K\.m2\repository\commons-codec\commons-codec\1.17.0\commons-codec-1.17.0.jar;C:\Users\SankaraKarthikeyan K\.m2\repository\org\apache\commons\commons-collections4\4.4\commons-collections4-4.4.jar;C:\Users\SankaraKarthikeyan K\.m2\repository\org\apache\commons\commons-math3\3.6.1\commons-math3-3.6.1.jar;C:\Users\SankaraKarthikeyan K\.m2\repository\com\zaxxer\SparseBitSet\1.3\SparseBitSet-1.3.jar;C:\Users\SankaraKarthikeyan K\.m2\repository\org\apache\poi\poi-ooxml\5.3.0\poi-ooxml-5.3.0.jar;C:\Users\SankaraKarthikeyan K\.m2\repository\org\apache\poi\poi-ooxml-lite\5.3.0\poi-ooxml-lite-5.3.0.jar;C:\Users\SankaraKarthikeyan K\.m2\repository\org\apache\xmlbeans\xmlbeans\5.2.1\xmlbeans-5.2.1.jar;C:\Users\SankaraKarthikeyan K\.m2\repository\org\apache\commons\commons-compress\1.26.2\commons-compress-1.26.2.jar;C:\Users\SankaraKarthikeyan K\.m2\repository\com\github\virtuald\curvesapi\1.08\curvesapi-1.08.jar;C:\Users\SankaraKarthikeyan K\.m2\repository\org\apache\logging\log4j\log4j-core\2.24.3\log4j-core-2.24.3.jar;C:\Users\SankaraKarthikeyan K\.m2\repository\org\apache\logging\log4j\log4j-api\2.24.3\log4j-api-2.24.3.jar;C:\Users\SankaraKarthikeyan K\.m2\repository\com\aventstack\extentreports\5.1.2\extentreports-5.1.2.jar;C:\Users\SankaraKarthikeyan K\.m2\repository\io\reactivex\rxjava3\rxjava\3.1.6\rxjava-3.1.6.jar;C:\Users\SankaraKarthikeyan K\.m2\repository\org\reactivestreams\reactive-streams\1.0.4\reactive-streams-1.0.4.jar;C:\Users\SankaraKarthikeyan K\.m2\repository\org\freemarker\freemarker\2.3.32\freemarker-2.3.32.jar;C:\Users\SankaraKarthikeyan K\.m2\repository\org\projectlombok\lombok\1.18.26\lombok-1.18.26.jar;C:\Users\SankaraKarthikeyan K\.m2\repository\com\google\code\gson\gson\2.10.1\gson-2.10.1.jar;C:\Users\SankaraKarthikeyan K\.m2\repository\org\apache\logging\log4j\log4j-slf4j-impl\2.24.3\log4j-slf4j-impl-2.24.3.jar;C:\Users\SankaraKarthikeyan K\.m2\repository\org\slf4j\slf4j-api\1.7.36\slf4j-api-1.7.36.jar;C:\Users\SankaraKarthikeyan K\.m2\repository\org\testng\testng\7.5.1\testng-7.5.1.jar;C:\Users\SankaraKarthikeyan K\.m2\repository\com\google\code\findbugs\jsr305\3.0.1\jsr305-3.0.1.jar;C:\Users\SankaraKarthikeyan K\.m2\repository\com\beust\jcommander\1.78\jcommander-1.78.jar;C:\Users\SankaraKarthikeyan K\.m2\repository\org\webjars\jquery\3.5.1\jquery-3.5.1.jar;C:\Users\SankaraKarthikeyan K\.m2\repository\com\github\javafaker\javafaker\1.0.2\javafaker-1.0.2.jar;C:\Users\SankaraKarthikeyan K\.m2\repository\org\yaml\snakeyaml\1.23\snakeyaml-1.23-android.jar;C:\Users\SankaraKarthikeyan K\.m2\repository\com\github\mifmif\generex\1.0.2\generex-1.0.2.jar;C:\Users\SankaraKarthikeyan K\.m2\repository\dk\brics\automaton\automaton\1.11-8\automaton-1.11-8.jar;"/>
    <property name="sun.cpu.endian" value="little"/>
    <property name="user.home" value="C:\Users\SankaraKarthikeyan K"/>
    <property name="user.language" value="en"/>
    <property name="java.specification.vendor" value="Oracle Corporation"/>
    <property name="java.version.date" value="2024-07-16"/>
    <property name="java.home" value="C:\Program Files\Java\jdk-17"/>
    <property name="file.separator" value="\"/>
    <property name="basedir" value="C:\Eclipse\raulshettyframeworks\OpenCartFramework"/>
    <property name="java.vm.compressedOopsMode" value="32-bit"/>
    <property name="line.separator" value="&#10;"/>
    <property name="java.vm.specification.vendor" value="Oracle Corporation"/>
    <property name="java.specification.name" value="Java Platform API Specification"/>
    <property name="surefire.real.class.path" value="C:\Users\SankaraKarthikeyan K\AppData\Local\Temp\surefire15633690744001933011\surefirebooter-20250129233624681_3.jar"/>
    <property name="user.script" value=""/>
    <property name="sun.management.compiler" value="HotSpot 64-Bit Tiered Compilers"/>
    <property name="java.runtime.version" value="17.0.12+8-LTS-286"/>
    <property name="user.name" value="SankaraKarthikeyan K"/>
    <property name="path.separator" value=";"/>
    <property name="os.version" value="10.0"/>
    <property name="java.runtime.name" value="Java(TM) SE Runtime Environment"/>
    <property name="file.encoding" value="Cp1252"/>
    <property name="java.vm.name" value="Java HotSpot(TM) 64-Bit Server VM"/>
    <property name="localRepository" value="C:\Users\SankaraKarthikeyan K\.m2\repository"/>
    <property name="java.vendor.url.bug" value="https://bugreport.java.com/bugreport/"/>
    <property name="java.io.tmpdir" value="C:\Users\SANKAR~1\AppData\Local\Temp\"/>
    <property name="java.version" value="17.0.12"/>
    <property name="user.dir" value="C:\Eclipse\raulshettyframeworks\OpenCartFramework"/>
    <property name="os.arch" value="amd64"/>
    <property name="java.vm.specification.name" value="Java Virtual Machine Specification"/>
    <property name="sun.os.patch.level" value=""/>
    <property name="native.encoding" value="Cp1252"/>
    <property name="java.library.path" value="C:\Program Files\Java\jdk-17\bin;C:\WINDOWS\Sun\Java\bin;C:\WINDOWS\system32;C:\WINDOWS;C:\Program Files\Python313\Scripts\;C:\Program Files\Python313\;C:\Program Files\Common Files\Oracle\Java\javapath;C:\Program Files (x86)\Common Files\Oracle\Java\javapath;C:\WINDOWS\system32;C:\WINDOWS;C:\WINDOWS\System32\Wbem;C:\WINDOWS\System32\WindowsPowerShell\v1.0\;C:\WINDOWS\System32\OpenSSH\;C:\Program Files\dotnet\;C:\Program Files\Java\jdk1.8.0_331\bin;C:\Program Files\Maven\apache-maven-3.9.8\bin;C:\ProgramData\chocolatey\bin;C:\strawberry\c\bin;C:\strawberry\perl\bin;C:\Program Files\nodejs\;C:\Program Files\Git\cmd;C:\Program Files\Microsoft SQL Server\150\Tools\Binn\;;C:\Program Files\WinMerge;C:\Program Files\Docker\Docker\resources\bin;C:\Users\SankaraKarthikeyan K\AppData\Local\Programs\Python\Python312\Scripts\;C:\Users\SankaraKarthikeyan K\AppData\Local\Programs\Python\Python312\;C:\Users\SankaraKarthikeyan K\AppData\Local\Programs\Python\Python310\Scripts\;C:\Users\SankaraKarthikeyan K\AppData\Local\Programs\Python\Python310\;C:\Users\SankaraKarthikeyan K\AppData\Local\Microsoft\WindowsApps;C:\Program Files\Java\jdk-17\bin;C:\Maven\apache-maven-3.8.5\bin;C:\Program Files\JetBrains\PyCharm Community Edition 2022.1\bin;C:\Program Files\JetBrains\IntelliJ IDEA 2023.2.2\bin;C:\Users\SankaraKarthikeyan K\AppData\Roaming\npm;C:\Users\SankaraKarthikeyan K\AppData\Local\Programs\Microsoft VS Code\bin;."/>
    <property name="java.vm.info" value="mixed mode, sharing"/>
    <property name="java.vendor" value="Oracle Corporation"/>
    <property name="java.vm.version" value="17.0.12+8-LTS-286"/>
    <property name="sun.io.unicode.encoding" value="UnicodeLittle"/>
    <property name="java.class.version" value="61.0"/>
  </properties>
  <testcase name="verifyAccountRegistration" classname="testcases.TC001_AccountRegistrationTest" time="24.418">
    <system-out><![CDATA[2025-01-29T18:06:26.179310600Z main INFO Starting configuration XmlConfiguration[location=C:\Eclipse\raulshettyframeworks\OpenCartFramework\target\test-classes\log4j2.xml, lastModified=2025-01-29T17:45:20.800Z]...
2025-01-29T18:06:26.181307300Z main INFO Start watching for changes to C:\Eclipse\raulshettyframeworks\OpenCartFramework\target\test-classes\log4j2.xml every 0 seconds
2025-01-29T18:06:26.181307300Z main INFO Configuration XmlConfiguration[location=C:\Eclipse\raulshettyframeworks\OpenCartFramework\target\test-classes\log4j2.xml, lastModified=2025-01-29T17:45:20.800Z] started.
2025-01-29T18:06:26.185315100Z main INFO Stopping configuration org.apache.logging.log4j.core.config.DefaultConfiguration@53dbe163...
2025-01-29T18:06:26.185315100Z main INFO Configuration org.apache.logging.log4j.core.config.DefaultConfiguration@53dbe163 stopped.
2025-01-29 23:36:30 INFO  TC001_AccountRegistrationTest:17 - *****Starting TC001_AccountRegistrationTest ****
2025-01-29 23:36:30 INFO  TC001_AccountRegistrationTest:26 - Clicked on My Account link
2025-01-29 23:36:30 INFO  TC001_AccountRegistrationTest:28 - Clicked on Register link
2025-01-29 23:36:44 INFO  TC001_AccountRegistrationTest:44 - Validating Expected message...
2025-01-29 23:36:54 INFO  TC001_AccountRegistrationTest:63 - ******Finished TC001_AccountRegistrationTest******
]]></system-out>
    <system-err><![CDATA[Jan 29, 2025 11:36:29 PM org.openqa.selenium.devtools.CdpVersionFinder findNearestMatch
WARNING: Unable to find an exact match for CDP version 132, returning the closest version; found: 131; Please update to a Selenium version that supports CDP version 132
]]></system-err>
  </testcase>
  <testcase name="verify_login" classname="testcases.TC002_LoginTest" time="11.513">
    <system-out><![CDATA[2025-01-29 23:36:56 INFO  TC002_LoginTest:16 - *********Start TC002_LoginTest*********
2025-01-29 23:37:08 INFO  TC002_LoginTest:37 - ****Finished TC002_LoginTest****
]]></system-out>
    <system-err><![CDATA[Jan 29, 2025 11:36:56 PM org.openqa.selenium.devtools.CdpVersionFinder findNearestMatch
WARNING: Unable to find an exact match for CDP version 132, returning the closest version; found: 131; Please update to a Selenium version that supports CDP version 132
]]></system-err>
  </testcase>
  <testcase name="verify_LoginDDT[ksk.ee25@gmail.com, test@123, Valid](1)" classname="testcases.TC003_LoginDDT" time="4.678">
    <system-out><![CDATA[2025-01-29 23:37:12 DEBUG PackageRelationshipCollection:307 - Parsing relationship: /xl/_rels/workbook.xml.rels
2025-01-29 23:37:12 DEBUG PackageRelationshipCollection:307 - Parsing relationship: /xl/worksheets/_rels/sheet1.xml.rels
2025-01-29 23:37:12 DEBUG PackageRelationshipCollection:307 - Parsing relationship: /_rels/.rels
2025-01-29 23:37:13 DEBUG PackageRelationshipCollection:307 - Parsing relationship: /xl/_rels/workbook.xml.rels
2025-01-29 23:37:13 DEBUG PackageRelationshipCollection:307 - Parsing relationship: /xl/worksheets/_rels/sheet1.xml.rels
2025-01-29 23:37:13 DEBUG PackageRelationshipCollection:307 - Parsing relationship: /_rels/.rels
2025-01-29 23:37:13 DEBUG PackageRelationshipCollection:307 - Parsing relationship: /xl/_rels/workbook.xml.rels
2025-01-29 23:37:13 DEBUG PackageRelationshipCollection:307 - Parsing relationship: /xl/worksheets/_rels/sheet1.xml.rels
2025-01-29 23:37:13 DEBUG PackageRelationshipCollection:307 - Parsing relationship: /_rels/.rels
2025-01-29 23:37:13 DEBUG PackageRelationshipCollection:307 - Parsing relationship: /xl/_rels/workbook.xml.rels
2025-01-29 23:37:13 DEBUG PackageRelationshipCollection:307 - Parsing relationship: /xl/worksheets/_rels/sheet1.xml.rels
2025-01-29 23:37:13 DEBUG PackageRelationshipCollection:307 - Parsing relationship: /_rels/.rels
2025-01-29 23:37:13 DEBUG PackageRelationshipCollection:307 - Parsing relationship: /xl/_rels/workbook.xml.rels
2025-01-29 23:37:13 DEBUG PackageRelationshipCollection:307 - Parsing relationship: /xl/worksheets/_rels/sheet1.xml.rels
2025-01-29 23:37:13 DEBUG PackageRelationshipCollection:307 - Parsing relationship: /_rels/.rels
2025-01-29 23:37:13 DEBUG PackageRelationshipCollection:307 - Parsing relationship: /xl/_rels/workbook.xml.rels
2025-01-29 23:37:13 DEBUG PackageRelationshipCollection:307 - Parsing relationship: /xl/worksheets/_rels/sheet1.xml.rels
2025-01-29 23:37:13 DEBUG PackageRelationshipCollection:307 - Parsing relationship: /_rels/.rels
2025-01-29 23:37:13 DEBUG PackageRelationshipCollection:307 - Parsing relationship: /xl/_rels/workbook.xml.rels
2025-01-29 23:37:13 DEBUG PackageRelationshipCollection:307 - Parsing relationship: /xl/worksheets/_rels/sheet1.xml.rels
2025-01-29 23:37:13 DEBUG PackageRelationshipCollection:307 - Parsing relationship: /_rels/.rels
2025-01-29 23:37:13 DEBUG PackageRelationshipCollection:307 - Parsing relationship: /xl/_rels/workbook.xml.rels
2025-01-29 23:37:13 DEBUG PackageRelationshipCollection:307 - Parsing relationship: /xl/worksheets/_rels/sheet1.xml.rels
2025-01-29 23:37:13 DEBUG PackageRelationshipCollection:307 - Parsing relationship: /_rels/.rels
2025-01-29 23:37:13 DEBUG PackageRelationshipCollection:307 - Parsing relationship: /xl/_rels/workbook.xml.rels
2025-01-29 23:37:13 DEBUG PackageRelationshipCollection:307 - Parsing relationship: /xl/worksheets/_rels/sheet1.xml.rels
2025-01-29 23:37:13 DEBUG PackageRelationshipCollection:307 - Parsing relationship: /_rels/.rels
2025-01-29 23:37:13 DEBUG PackageRelationshipCollection:307 - Parsing relationship: /xl/_rels/workbook.xml.rels
2025-01-29 23:37:13 DEBUG PackageRelationshipCollection:307 - Parsing relationship: /xl/worksheets/_rels/sheet1.xml.rels
2025-01-29 23:37:13 DEBUG PackageRelationshipCollection:307 - Parsing relationship: /_rels/.rels
2025-01-29 23:37:13 DEBUG PackageRelationshipCollection:307 - Parsing relationship: /xl/_rels/workbook.xml.rels
2025-01-29 23:37:13 DEBUG PackageRelationshipCollection:307 - Parsing relationship: /xl/worksheets/_rels/sheet1.xml.rels
2025-01-29 23:37:13 DEBUG PackageRelationshipCollection:307 - Parsing relationship: /_rels/.rels
2025-01-29 23:37:13 DEBUG PackageRelationshipCollection:307 - Parsing relationship: /xl/_rels/workbook.xml.rels
2025-01-29 23:37:13 DEBUG PackageRelationshipCollection:307 - Parsing relationship: /xl/worksheets/_rels/sheet1.xml.rels
2025-01-29 23:37:13 DEBUG PackageRelationshipCollection:307 - Parsing relationship: /_rels/.rels
2025-01-29 23:37:13 DEBUG PackageRelationshipCollection:307 - Parsing relationship: /xl/_rels/workbook.xml.rels
2025-01-29 23:37:13 DEBUG PackageRelationshipCollection:307 - Parsing relationship: /xl/worksheets/_rels/sheet1.xml.rels
2025-01-29 23:37:13 DEBUG PackageRelationshipCollection:307 - Parsing relationship: /_rels/.rels
2025-01-29 23:37:13 DEBUG PackageRelationshipCollection:307 - Parsing relationship: /xl/_rels/workbook.xml.rels
2025-01-29 23:37:13 DEBUG PackageRelationshipCollection:307 - Parsing relationship: /xl/worksheets/_rels/sheet1.xml.rels
2025-01-29 23:37:13 DEBUG PackageRelationshipCollection:307 - Parsing relationship: /_rels/.rels
2025-01-29 23:37:13 DEBUG PackageRelationshipCollection:307 - Parsing relationship: /xl/_rels/workbook.xml.rels
2025-01-29 23:37:13 DEBUG PackageRelationshipCollection:307 - Parsing relationship: /xl/worksheets/_rels/sheet1.xml.rels
2025-01-29 23:37:13 DEBUG PackageRelationshipCollection:307 - Parsing relationship: /_rels/.rels
2025-01-29 23:37:13 DEBUG PackageRelationshipCollection:307 - Parsing relationship: /xl/_rels/workbook.xml.rels
2025-01-29 23:37:13 DEBUG PackageRelationshipCollection:307 - Parsing relationship: /xl/worksheets/_rels/sheet1.xml.rels
2025-01-29 23:37:13 DEBUG PackageRelationshipCollection:307 - Parsing relationship: /_rels/.rels
2025-01-29 23:37:13 DEBUG PackageRelationshipCollection:307 - Parsing relationship: /xl/_rels/workbook.xml.rels
2025-01-29 23:37:13 DEBUG PackageRelationshipCollection:307 - Parsing relationship: /xl/worksheets/_rels/sheet1.xml.rels
2025-01-29 23:37:13 DEBUG PackageRelationshipCollection:307 - Parsing relationship: /_rels/.rels
2025-01-29 23:37:13 DEBUG PackageRelationshipCollection:307 - Parsing relationship: /xl/_rels/workbook.xml.rels
2025-01-29 23:37:13 DEBUG PackageRelationshipCollection:307 - Parsing relationship: /xl/worksheets/_rels/sheet1.xml.rels
2025-01-29 23:37:13 DEBUG PackageRelationshipCollection:307 - Parsing relationship: /_rels/.rels
2025-01-29 23:37:13 DEBUG PackageRelationshipCollection:307 - Parsing relationship: /xl/_rels/workbook.xml.rels
2025-01-29 23:37:13 DEBUG PackageRelationshipCollection:307 - Parsing relationship: /xl/worksheets/_rels/sheet1.xml.rels
2025-01-29 23:37:13 DEBUG PackageRelationshipCollection:307 - Parsing relationship: /_rels/.rels
2025-01-29 23:37:13 DEBUG PackageRelationshipCollection:307 - Parsing relationship: /xl/_rels/workbook.xml.rels
2025-01-29 23:37:13 DEBUG PackageRelationshipCollection:307 - Parsing relationship: /xl/worksheets/_rels/sheet1.xml.rels
2025-01-29 23:37:13 DEBUG PackageRelationshipCollection:307 - Parsing relationship: /_rels/.rels
2025-01-29 23:37:13 INFO  TC003_LoginDDT:16 - *****Starting TC003_LoginDTT******
2025-01-29 23:37:18 INFO  TC003_LoginDDT:53 - *****Finishing TC003_LoginDTT******
]]></system-out>
    <system-err><![CDATA[Jan 29, 2025 11:37:11 PM org.openqa.selenium.devtools.CdpVersionFinder findNearestMatch
WARNING: Unable to find an exact match for CDP version 132, returning the closest version; found: 131; Please update to a Selenium version that supports CDP version 132
]]></system-err>
  </testcase>
  <testcase name="verify_LoginDDT[lakshmi@yyyy.com, test@123, Invalid](2)" classname="testcases.TC003_LoginDDT" time="13.971">
    <system-out><![CDATA[2025-01-29 23:37:18 INFO  TC003_LoginDDT:16 - *****Starting TC003_LoginDTT******
2025-01-29 23:37:32 INFO  TC003_LoginDDT:53 - *****Finishing TC003_LoginDTT******
]]></system-out>
  </testcase>
  <testcase name="verify_LoginDDT[ll@yy.com, test@123, Invalid](3)" classname="testcases.TC003_LoginDDT" time="14.008">
    <system-out><![CDATA[2025-01-29 23:37:32 INFO  TC003_LoginDDT:16 - *****Starting TC003_LoginDTT******
2025-01-29 23:37:46 INFO  TC003_LoginDDT:53 - *****Finishing TC003_LoginDTT******
]]></system-out>
  </testcase>
  <testcase name="verify_LoginDDT[ksk.ee25@gmail.com, Invalid@123, Invalid](4)" classname="testcases.TC003_LoginDDT" time="13.985">
    <system-out><![CDATA[2025-01-29 23:37:46 INFO  TC003_LoginDDT:16 - *****Starting TC003_LoginDTT******
2025-01-29 23:38:00 INFO  TC003_LoginDDT:53 - *****Finishing TC003_LoginDTT******
]]></system-out>
  </testcase>
  <testcase name="verify_LoginDDT[ksk@gmail.com, test@123, Valid](5)" classname="testcases.TC003_LoginDDT" time="5.096">
    <system-out><![CDATA[2025-01-29 23:38:00 INFO  TC003_LoginDDT:16 - *****Starting TC003_LoginDTT******
2025-01-29 23:38:05 INFO  TC003_LoginDDT:53 - *****Finishing TC003_LoginDTT******
]]></system-out>
  </testcase>
  <testcase name="verify_LoginDDT[, test@123, Invalid](6)" classname="testcases.TC003_LoginDDT" time="14.099">
    <system-out><![CDATA[2025-01-29 23:38:05 INFO  TC003_LoginDDT:16 - *****Starting TC003_LoginDTT******
2025-01-29 23:38:19 INFO  TC003_LoginDDT:53 - *****Finishing TC003_LoginDTT******
]]></system-out>
  </testcase>
</testsuite>