<?xml version="1.0" encoding="UTF-8"?>
<!-- Generated by org.testng.reporters.JUnitReportReporter -->
<testsuite hostname="KSK-PC" failures="0" tests="1" name="testcases.TC004_AccountRegistrationTest" time="25.354" errors="0" timestamp="2025-01-29T08:23:15 IST" skipped="0">
  <testcase classname="testcases.TC004_AccountRegistrationTest" name="verifyAccountRegistration" time="25.354"/>
  <system-out/>
</testsuite> <!-- testcases.TC004_AccountRegistrationTest -->
