<?xml version="1.0" encoding="UTF-8"?>
<!-- Generated by org.testng.reporters.JUnitReportReporter -->
<testsuite hostname="KSK-PC" failures="0" tests="1" name="testcases.TC002_LoginTest" time="11.511" errors="0" timestamp="2025-01-29T23:38:22 IST" skipped="0">
  <testcase classname="testcases.TC002_LoginTest" name="verify_login" time="11.511"/>
  <system-out/>
</testsuite> <!-- testcases.TC002_LoginTest -->
