<?xml version="1.0" encoding="UTF-8"?>
<!-- Generated by org.testng.reporters.JUnitReportReporter -->
<testsuite hostname="KSK-PC" failures="0" tests="1" name="testcases.TC001_AccountRegistrationTest" time="24.390" errors="0" timestamp="2025-01-29T23:38:22 IST" skipped="0">
  <testcase classname="testcases.TC001_AccountRegistrationTest" name="verifyAccountRegistration" time="24.390"/>
  <system-out/>
</testsuite> <!-- testcases.TC001_AccountRegistrationTest -->
