<?xml version="1.0" encoding="UTF-8"?>
<!-- Generated by org.testng.reporters.JUnitReportReporter -->
<testsuite hostname="KSK-PC" failures="0" tests="6" name="testcases.TC003_LoginDDT" time="65.844" errors="0" timestamp="2025-01-29T23:38:22 IST" skipped="0">
  <testcase classname="testcases.TC003_LoginDDT" name="verify_LoginDDT" time="4.687"/>
  <system-out/>
  <testcase classname="testcases.TC003_LoginDDT" name="verify_LoginDDT" time="13.972"/>
  <system-out/>
  <testcase classname="testcases.TC003_LoginDDT" name="verify_LoginDDT" time="5.095"/>
  <system-out/>
  <testcase classname="testcases.TC003_LoginDDT" name="verify_LoginDDT" time="14.008"/>
  <system-out/>
  <testcase classname="testcases.TC003_LoginDDT" name="verify_LoginDDT" time="13.983"/>
  <system-out/>
  <testcase classname="testcases.TC003_LoginDDT" name="verify_LoginDDT" time="14.099"/>
  <system-out/>
</testsuite> <!-- testcases.TC003_LoginDDT -->
